<?xml version="1.0" encoding="UTF-8"?>
<!-- Generated by org.testng.reporters.JUnitReportReporter -->
<testsuite skipped="0" hostname="DESKTOP-QO597FN" name="com.uuabc.run.frist" tests="1" failures="0" timestamp="19 三月 2019 13:01:28 GMT" time="17.871" errors="0">
  <testcase name="run001" time="17.871" classname="com.uuabc.run.frist"/>
</testsuite> <!-- com.uuabc.run.frist -->
